Watching for file changes with StatReloader
"GET / HTTP/1.1" 200 14595
"GET /static/simulator/js/main.js HTTP/1.1" 200 5434
"GET /static/simulator/css/style.css HTTP/1.1" 200 8591
"GET /dashboard/ HTTP/1.1" 200 21364
"GET /static/simulator/js/timeline.js HTTP/1.1" 200 16092
"GET / HTTP/1.1" 200 14595
"GET /static/simulator/css/style.css HTTP/1.1" 304 0
"GET /static/simulator/js/main.js HTTP/1.1" 304 0
"GET /dashboard/ HTTP/1.1" 200 21364
"GET /static/simulator/js/timeline.js HTTP/1.1" 304 0
"GET /dashboard/ HTTP/1.1" 200 21364
Watching for file changes with StatReloader
"GET / HTTP/1.1" 200 14636
"GET /static/simulator/js/main.js HTTP/1.1" 304 0
"GET /static/simulator/css/style.css HTTP/1.1" 304 0
"GET /dashboard/ HTTP/1.1" 200 21364
"GET /static/simulator/js/timeline.js HTTP/1.1" 304 0
"GET /dashboard/ HTTP/1.1" 200 21364
Not Found: /favicon.ico
- Broken pipe from ('127.0.0.1', 64575)
Not Found: /favicon.ico
- Broken pipe from ('127.0.0.1', 64574)
"GET /dashboard/ HTTP/1.1" 200 21364
"GET /dashboard/ HTTP/1.1" 200 21364
